G04 EAGLE Gerber RS-274X export*
G75*
%MOMM*%
%FSLAX34Y34*%
%LPD*%
%IN*%
%IPPOS*%
%AMOC8*
5,1,8,0,0,1.08239X$1,22.5*%
G01*
%ADD10C,0.000000*%
%ADD11C,0.254000*%


D10*
X0Y0D02*
X507800Y0D01*
X508000Y508000D01*
X0Y508000D01*
X0Y0D01*
X23100Y38100D02*
X23105Y38468D01*
X23118Y38836D01*
X23141Y39203D01*
X23172Y39570D01*
X23213Y39936D01*
X23262Y40301D01*
X23321Y40664D01*
X23388Y41026D01*
X23464Y41387D01*
X23550Y41745D01*
X23643Y42101D01*
X23746Y42454D01*
X23857Y42805D01*
X23977Y43153D01*
X24105Y43498D01*
X24242Y43840D01*
X24387Y44179D01*
X24540Y44513D01*
X24702Y44844D01*
X24871Y45171D01*
X25049Y45493D01*
X25234Y45812D01*
X25427Y46125D01*
X25628Y46434D01*
X25836Y46737D01*
X26052Y47035D01*
X26275Y47328D01*
X26505Y47616D01*
X26742Y47898D01*
X26986Y48173D01*
X27236Y48443D01*
X27493Y48707D01*
X27757Y48964D01*
X28027Y49214D01*
X28302Y49458D01*
X28584Y49695D01*
X28872Y49925D01*
X29165Y50148D01*
X29463Y50364D01*
X29766Y50572D01*
X30075Y50773D01*
X30388Y50966D01*
X30707Y51151D01*
X31029Y51329D01*
X31356Y51498D01*
X31687Y51660D01*
X32021Y51813D01*
X32360Y51958D01*
X32702Y52095D01*
X33047Y52223D01*
X33395Y52343D01*
X33746Y52454D01*
X34099Y52557D01*
X34455Y52650D01*
X34813Y52736D01*
X35174Y52812D01*
X35536Y52879D01*
X35899Y52938D01*
X36264Y52987D01*
X36630Y53028D01*
X36997Y53059D01*
X37364Y53082D01*
X37732Y53095D01*
X38100Y53100D01*
X38468Y53095D01*
X38836Y53082D01*
X39203Y53059D01*
X39570Y53028D01*
X39936Y52987D01*
X40301Y52938D01*
X40664Y52879D01*
X41026Y52812D01*
X41387Y52736D01*
X41745Y52650D01*
X42101Y52557D01*
X42454Y52454D01*
X42805Y52343D01*
X43153Y52223D01*
X43498Y52095D01*
X43840Y51958D01*
X44179Y51813D01*
X44513Y51660D01*
X44844Y51498D01*
X45171Y51329D01*
X45493Y51151D01*
X45812Y50966D01*
X46125Y50773D01*
X46434Y50572D01*
X46737Y50364D01*
X47035Y50148D01*
X47328Y49925D01*
X47616Y49695D01*
X47898Y49458D01*
X48173Y49214D01*
X48443Y48964D01*
X48707Y48707D01*
X48964Y48443D01*
X49214Y48173D01*
X49458Y47898D01*
X49695Y47616D01*
X49925Y47328D01*
X50148Y47035D01*
X50364Y46737D01*
X50572Y46434D01*
X50773Y46125D01*
X50966Y45812D01*
X51151Y45493D01*
X51329Y45171D01*
X51498Y44844D01*
X51660Y44513D01*
X51813Y44179D01*
X51958Y43840D01*
X52095Y43498D01*
X52223Y43153D01*
X52343Y42805D01*
X52454Y42454D01*
X52557Y42101D01*
X52650Y41745D01*
X52736Y41387D01*
X52812Y41026D01*
X52879Y40664D01*
X52938Y40301D01*
X52987Y39936D01*
X53028Y39570D01*
X53059Y39203D01*
X53082Y38836D01*
X53095Y38468D01*
X53100Y38100D01*
X53095Y37732D01*
X53082Y37364D01*
X53059Y36997D01*
X53028Y36630D01*
X52987Y36264D01*
X52938Y35899D01*
X52879Y35536D01*
X52812Y35174D01*
X52736Y34813D01*
X52650Y34455D01*
X52557Y34099D01*
X52454Y33746D01*
X52343Y33395D01*
X52223Y33047D01*
X52095Y32702D01*
X51958Y32360D01*
X51813Y32021D01*
X51660Y31687D01*
X51498Y31356D01*
X51329Y31029D01*
X51151Y30707D01*
X50966Y30388D01*
X50773Y30075D01*
X50572Y29766D01*
X50364Y29463D01*
X50148Y29165D01*
X49925Y28872D01*
X49695Y28584D01*
X49458Y28302D01*
X49214Y28027D01*
X48964Y27757D01*
X48707Y27493D01*
X48443Y27236D01*
X48173Y26986D01*
X47898Y26742D01*
X47616Y26505D01*
X47328Y26275D01*
X47035Y26052D01*
X46737Y25836D01*
X46434Y25628D01*
X46125Y25427D01*
X45812Y25234D01*
X45493Y25049D01*
X45171Y24871D01*
X44844Y24702D01*
X44513Y24540D01*
X44179Y24387D01*
X43840Y24242D01*
X43498Y24105D01*
X43153Y23977D01*
X42805Y23857D01*
X42454Y23746D01*
X42101Y23643D01*
X41745Y23550D01*
X41387Y23464D01*
X41026Y23388D01*
X40664Y23321D01*
X40301Y23262D01*
X39936Y23213D01*
X39570Y23172D01*
X39203Y23141D01*
X38836Y23118D01*
X38468Y23105D01*
X38100Y23100D01*
X37732Y23105D01*
X37364Y23118D01*
X36997Y23141D01*
X36630Y23172D01*
X36264Y23213D01*
X35899Y23262D01*
X35536Y23321D01*
X35174Y23388D01*
X34813Y23464D01*
X34455Y23550D01*
X34099Y23643D01*
X33746Y23746D01*
X33395Y23857D01*
X33047Y23977D01*
X32702Y24105D01*
X32360Y24242D01*
X32021Y24387D01*
X31687Y24540D01*
X31356Y24702D01*
X31029Y24871D01*
X30707Y25049D01*
X30388Y25234D01*
X30075Y25427D01*
X29766Y25628D01*
X29463Y25836D01*
X29165Y26052D01*
X28872Y26275D01*
X28584Y26505D01*
X28302Y26742D01*
X28027Y26986D01*
X27757Y27236D01*
X27493Y27493D01*
X27236Y27757D01*
X26986Y28027D01*
X26742Y28302D01*
X26505Y28584D01*
X26275Y28872D01*
X26052Y29165D01*
X25836Y29463D01*
X25628Y29766D01*
X25427Y30075D01*
X25234Y30388D01*
X25049Y30707D01*
X24871Y31029D01*
X24702Y31356D01*
X24540Y31687D01*
X24387Y32021D01*
X24242Y32360D01*
X24105Y32702D01*
X23977Y33047D01*
X23857Y33395D01*
X23746Y33746D01*
X23643Y34099D01*
X23550Y34455D01*
X23464Y34813D01*
X23388Y35174D01*
X23321Y35536D01*
X23262Y35899D01*
X23213Y36264D01*
X23172Y36630D01*
X23141Y36997D01*
X23118Y37364D01*
X23105Y37732D01*
X23100Y38100D01*
X454900Y38100D02*
X454905Y38468D01*
X454918Y38836D01*
X454941Y39203D01*
X454972Y39570D01*
X455013Y39936D01*
X455062Y40301D01*
X455121Y40664D01*
X455188Y41026D01*
X455264Y41387D01*
X455350Y41745D01*
X455443Y42101D01*
X455546Y42454D01*
X455657Y42805D01*
X455777Y43153D01*
X455905Y43498D01*
X456042Y43840D01*
X456187Y44179D01*
X456340Y44513D01*
X456502Y44844D01*
X456671Y45171D01*
X456849Y45493D01*
X457034Y45812D01*
X457227Y46125D01*
X457428Y46434D01*
X457636Y46737D01*
X457852Y47035D01*
X458075Y47328D01*
X458305Y47616D01*
X458542Y47898D01*
X458786Y48173D01*
X459036Y48443D01*
X459293Y48707D01*
X459557Y48964D01*
X459827Y49214D01*
X460102Y49458D01*
X460384Y49695D01*
X460672Y49925D01*
X460965Y50148D01*
X461263Y50364D01*
X461566Y50572D01*
X461875Y50773D01*
X462188Y50966D01*
X462507Y51151D01*
X462829Y51329D01*
X463156Y51498D01*
X463487Y51660D01*
X463821Y51813D01*
X464160Y51958D01*
X464502Y52095D01*
X464847Y52223D01*
X465195Y52343D01*
X465546Y52454D01*
X465899Y52557D01*
X466255Y52650D01*
X466613Y52736D01*
X466974Y52812D01*
X467336Y52879D01*
X467699Y52938D01*
X468064Y52987D01*
X468430Y53028D01*
X468797Y53059D01*
X469164Y53082D01*
X469532Y53095D01*
X469900Y53100D01*
X470268Y53095D01*
X470636Y53082D01*
X471003Y53059D01*
X471370Y53028D01*
X471736Y52987D01*
X472101Y52938D01*
X472464Y52879D01*
X472826Y52812D01*
X473187Y52736D01*
X473545Y52650D01*
X473901Y52557D01*
X474254Y52454D01*
X474605Y52343D01*
X474953Y52223D01*
X475298Y52095D01*
X475640Y51958D01*
X475979Y51813D01*
X476313Y51660D01*
X476644Y51498D01*
X476971Y51329D01*
X477293Y51151D01*
X477612Y50966D01*
X477925Y50773D01*
X478234Y50572D01*
X478537Y50364D01*
X478835Y50148D01*
X479128Y49925D01*
X479416Y49695D01*
X479698Y49458D01*
X479973Y49214D01*
X480243Y48964D01*
X480507Y48707D01*
X480764Y48443D01*
X481014Y48173D01*
X481258Y47898D01*
X481495Y47616D01*
X481725Y47328D01*
X481948Y47035D01*
X482164Y46737D01*
X482372Y46434D01*
X482573Y46125D01*
X482766Y45812D01*
X482951Y45493D01*
X483129Y45171D01*
X483298Y44844D01*
X483460Y44513D01*
X483613Y44179D01*
X483758Y43840D01*
X483895Y43498D01*
X484023Y43153D01*
X484143Y42805D01*
X484254Y42454D01*
X484357Y42101D01*
X484450Y41745D01*
X484536Y41387D01*
X484612Y41026D01*
X484679Y40664D01*
X484738Y40301D01*
X484787Y39936D01*
X484828Y39570D01*
X484859Y39203D01*
X484882Y38836D01*
X484895Y38468D01*
X484900Y38100D01*
X484895Y37732D01*
X484882Y37364D01*
X484859Y36997D01*
X484828Y36630D01*
X484787Y36264D01*
X484738Y35899D01*
X484679Y35536D01*
X484612Y35174D01*
X484536Y34813D01*
X484450Y34455D01*
X484357Y34099D01*
X484254Y33746D01*
X484143Y33395D01*
X484023Y33047D01*
X483895Y32702D01*
X483758Y32360D01*
X483613Y32021D01*
X483460Y31687D01*
X483298Y31356D01*
X483129Y31029D01*
X482951Y30707D01*
X482766Y30388D01*
X482573Y30075D01*
X482372Y29766D01*
X482164Y29463D01*
X481948Y29165D01*
X481725Y28872D01*
X481495Y28584D01*
X481258Y28302D01*
X481014Y28027D01*
X480764Y27757D01*
X480507Y27493D01*
X480243Y27236D01*
X479973Y26986D01*
X479698Y26742D01*
X479416Y26505D01*
X479128Y26275D01*
X478835Y26052D01*
X478537Y25836D01*
X478234Y25628D01*
X477925Y25427D01*
X477612Y25234D01*
X477293Y25049D01*
X476971Y24871D01*
X476644Y24702D01*
X476313Y24540D01*
X475979Y24387D01*
X475640Y24242D01*
X475298Y24105D01*
X474953Y23977D01*
X474605Y23857D01*
X474254Y23746D01*
X473901Y23643D01*
X473545Y23550D01*
X473187Y23464D01*
X472826Y23388D01*
X472464Y23321D01*
X472101Y23262D01*
X471736Y23213D01*
X471370Y23172D01*
X471003Y23141D01*
X470636Y23118D01*
X470268Y23105D01*
X469900Y23100D01*
X469532Y23105D01*
X469164Y23118D01*
X468797Y23141D01*
X468430Y23172D01*
X468064Y23213D01*
X467699Y23262D01*
X467336Y23321D01*
X466974Y23388D01*
X466613Y23464D01*
X466255Y23550D01*
X465899Y23643D01*
X465546Y23746D01*
X465195Y23857D01*
X464847Y23977D01*
X464502Y24105D01*
X464160Y24242D01*
X463821Y24387D01*
X463487Y24540D01*
X463156Y24702D01*
X462829Y24871D01*
X462507Y25049D01*
X462188Y25234D01*
X461875Y25427D01*
X461566Y25628D01*
X461263Y25836D01*
X460965Y26052D01*
X460672Y26275D01*
X460384Y26505D01*
X460102Y26742D01*
X459827Y26986D01*
X459557Y27236D01*
X459293Y27493D01*
X459036Y27757D01*
X458786Y28027D01*
X458542Y28302D01*
X458305Y28584D01*
X458075Y28872D01*
X457852Y29165D01*
X457636Y29463D01*
X457428Y29766D01*
X457227Y30075D01*
X457034Y30388D01*
X456849Y30707D01*
X456671Y31029D01*
X456502Y31356D01*
X456340Y31687D01*
X456187Y32021D01*
X456042Y32360D01*
X455905Y32702D01*
X455777Y33047D01*
X455657Y33395D01*
X455546Y33746D01*
X455443Y34099D01*
X455350Y34455D01*
X455264Y34813D01*
X455188Y35174D01*
X455121Y35536D01*
X455062Y35899D01*
X455013Y36264D01*
X454972Y36630D01*
X454941Y36997D01*
X454918Y37364D01*
X454905Y37732D01*
X454900Y38100D01*
X23100Y469900D02*
X23105Y470268D01*
X23118Y470636D01*
X23141Y471003D01*
X23172Y471370D01*
X23213Y471736D01*
X23262Y472101D01*
X23321Y472464D01*
X23388Y472826D01*
X23464Y473187D01*
X23550Y473545D01*
X23643Y473901D01*
X23746Y474254D01*
X23857Y474605D01*
X23977Y474953D01*
X24105Y475298D01*
X24242Y475640D01*
X24387Y475979D01*
X24540Y476313D01*
X24702Y476644D01*
X24871Y476971D01*
X25049Y477293D01*
X25234Y477612D01*
X25427Y477925D01*
X25628Y478234D01*
X25836Y478537D01*
X26052Y478835D01*
X26275Y479128D01*
X26505Y479416D01*
X26742Y479698D01*
X26986Y479973D01*
X27236Y480243D01*
X27493Y480507D01*
X27757Y480764D01*
X28027Y481014D01*
X28302Y481258D01*
X28584Y481495D01*
X28872Y481725D01*
X29165Y481948D01*
X29463Y482164D01*
X29766Y482372D01*
X30075Y482573D01*
X30388Y482766D01*
X30707Y482951D01*
X31029Y483129D01*
X31356Y483298D01*
X31687Y483460D01*
X32021Y483613D01*
X32360Y483758D01*
X32702Y483895D01*
X33047Y484023D01*
X33395Y484143D01*
X33746Y484254D01*
X34099Y484357D01*
X34455Y484450D01*
X34813Y484536D01*
X35174Y484612D01*
X35536Y484679D01*
X35899Y484738D01*
X36264Y484787D01*
X36630Y484828D01*
X36997Y484859D01*
X37364Y484882D01*
X37732Y484895D01*
X38100Y484900D01*
X38468Y484895D01*
X38836Y484882D01*
X39203Y484859D01*
X39570Y484828D01*
X39936Y484787D01*
X40301Y484738D01*
X40664Y484679D01*
X41026Y484612D01*
X41387Y484536D01*
X41745Y484450D01*
X42101Y484357D01*
X42454Y484254D01*
X42805Y484143D01*
X43153Y484023D01*
X43498Y483895D01*
X43840Y483758D01*
X44179Y483613D01*
X44513Y483460D01*
X44844Y483298D01*
X45171Y483129D01*
X45493Y482951D01*
X45812Y482766D01*
X46125Y482573D01*
X46434Y482372D01*
X46737Y482164D01*
X47035Y481948D01*
X47328Y481725D01*
X47616Y481495D01*
X47898Y481258D01*
X48173Y481014D01*
X48443Y480764D01*
X48707Y480507D01*
X48964Y480243D01*
X49214Y479973D01*
X49458Y479698D01*
X49695Y479416D01*
X49925Y479128D01*
X50148Y478835D01*
X50364Y478537D01*
X50572Y478234D01*
X50773Y477925D01*
X50966Y477612D01*
X51151Y477293D01*
X51329Y476971D01*
X51498Y476644D01*
X51660Y476313D01*
X51813Y475979D01*
X51958Y475640D01*
X52095Y475298D01*
X52223Y474953D01*
X52343Y474605D01*
X52454Y474254D01*
X52557Y473901D01*
X52650Y473545D01*
X52736Y473187D01*
X52812Y472826D01*
X52879Y472464D01*
X52938Y472101D01*
X52987Y471736D01*
X53028Y471370D01*
X53059Y471003D01*
X53082Y470636D01*
X53095Y470268D01*
X53100Y469900D01*
X53095Y469532D01*
X53082Y469164D01*
X53059Y468797D01*
X53028Y468430D01*
X52987Y468064D01*
X52938Y467699D01*
X52879Y467336D01*
X52812Y466974D01*
X52736Y466613D01*
X52650Y466255D01*
X52557Y465899D01*
X52454Y465546D01*
X52343Y465195D01*
X52223Y464847D01*
X52095Y464502D01*
X51958Y464160D01*
X51813Y463821D01*
X51660Y463487D01*
X51498Y463156D01*
X51329Y462829D01*
X51151Y462507D01*
X50966Y462188D01*
X50773Y461875D01*
X50572Y461566D01*
X50364Y461263D01*
X50148Y460965D01*
X49925Y460672D01*
X49695Y460384D01*
X49458Y460102D01*
X49214Y459827D01*
X48964Y459557D01*
X48707Y459293D01*
X48443Y459036D01*
X48173Y458786D01*
X47898Y458542D01*
X47616Y458305D01*
X47328Y458075D01*
X47035Y457852D01*
X46737Y457636D01*
X46434Y457428D01*
X46125Y457227D01*
X45812Y457034D01*
X45493Y456849D01*
X45171Y456671D01*
X44844Y456502D01*
X44513Y456340D01*
X44179Y456187D01*
X43840Y456042D01*
X43498Y455905D01*
X43153Y455777D01*
X42805Y455657D01*
X42454Y455546D01*
X42101Y455443D01*
X41745Y455350D01*
X41387Y455264D01*
X41026Y455188D01*
X40664Y455121D01*
X40301Y455062D01*
X39936Y455013D01*
X39570Y454972D01*
X39203Y454941D01*
X38836Y454918D01*
X38468Y454905D01*
X38100Y454900D01*
X37732Y454905D01*
X37364Y454918D01*
X36997Y454941D01*
X36630Y454972D01*
X36264Y455013D01*
X35899Y455062D01*
X35536Y455121D01*
X35174Y455188D01*
X34813Y455264D01*
X34455Y455350D01*
X34099Y455443D01*
X33746Y455546D01*
X33395Y455657D01*
X33047Y455777D01*
X32702Y455905D01*
X32360Y456042D01*
X32021Y456187D01*
X31687Y456340D01*
X31356Y456502D01*
X31029Y456671D01*
X30707Y456849D01*
X30388Y457034D01*
X30075Y457227D01*
X29766Y457428D01*
X29463Y457636D01*
X29165Y457852D01*
X28872Y458075D01*
X28584Y458305D01*
X28302Y458542D01*
X28027Y458786D01*
X27757Y459036D01*
X27493Y459293D01*
X27236Y459557D01*
X26986Y459827D01*
X26742Y460102D01*
X26505Y460384D01*
X26275Y460672D01*
X26052Y460965D01*
X25836Y461263D01*
X25628Y461566D01*
X25427Y461875D01*
X25234Y462188D01*
X25049Y462507D01*
X24871Y462829D01*
X24702Y463156D01*
X24540Y463487D01*
X24387Y463821D01*
X24242Y464160D01*
X24105Y464502D01*
X23977Y464847D01*
X23857Y465195D01*
X23746Y465546D01*
X23643Y465899D01*
X23550Y466255D01*
X23464Y466613D01*
X23388Y466974D01*
X23321Y467336D01*
X23262Y467699D01*
X23213Y468064D01*
X23172Y468430D01*
X23141Y468797D01*
X23118Y469164D01*
X23105Y469532D01*
X23100Y469900D01*
X454900Y469900D02*
X454905Y470268D01*
X454918Y470636D01*
X454941Y471003D01*
X454972Y471370D01*
X455013Y471736D01*
X455062Y472101D01*
X455121Y472464D01*
X455188Y472826D01*
X455264Y473187D01*
X455350Y473545D01*
X455443Y473901D01*
X455546Y474254D01*
X455657Y474605D01*
X455777Y474953D01*
X455905Y475298D01*
X456042Y475640D01*
X456187Y475979D01*
X456340Y476313D01*
X456502Y476644D01*
X456671Y476971D01*
X456849Y477293D01*
X457034Y477612D01*
X457227Y477925D01*
X457428Y478234D01*
X457636Y478537D01*
X457852Y478835D01*
X458075Y479128D01*
X458305Y479416D01*
X458542Y479698D01*
X458786Y479973D01*
X459036Y480243D01*
X459293Y480507D01*
X459557Y480764D01*
X459827Y481014D01*
X460102Y481258D01*
X460384Y481495D01*
X460672Y481725D01*
X460965Y481948D01*
X461263Y482164D01*
X461566Y482372D01*
X461875Y482573D01*
X462188Y482766D01*
X462507Y482951D01*
X462829Y483129D01*
X463156Y483298D01*
X463487Y483460D01*
X463821Y483613D01*
X464160Y483758D01*
X464502Y483895D01*
X464847Y484023D01*
X465195Y484143D01*
X465546Y484254D01*
X465899Y484357D01*
X466255Y484450D01*
X466613Y484536D01*
X466974Y484612D01*
X467336Y484679D01*
X467699Y484738D01*
X468064Y484787D01*
X468430Y484828D01*
X468797Y484859D01*
X469164Y484882D01*
X469532Y484895D01*
X469900Y484900D01*
X470268Y484895D01*
X470636Y484882D01*
X471003Y484859D01*
X471370Y484828D01*
X471736Y484787D01*
X472101Y484738D01*
X472464Y484679D01*
X472826Y484612D01*
X473187Y484536D01*
X473545Y484450D01*
X473901Y484357D01*
X474254Y484254D01*
X474605Y484143D01*
X474953Y484023D01*
X475298Y483895D01*
X475640Y483758D01*
X475979Y483613D01*
X476313Y483460D01*
X476644Y483298D01*
X476971Y483129D01*
X477293Y482951D01*
X477612Y482766D01*
X477925Y482573D01*
X478234Y482372D01*
X478537Y482164D01*
X478835Y481948D01*
X479128Y481725D01*
X479416Y481495D01*
X479698Y481258D01*
X479973Y481014D01*
X480243Y480764D01*
X480507Y480507D01*
X480764Y480243D01*
X481014Y479973D01*
X481258Y479698D01*
X481495Y479416D01*
X481725Y479128D01*
X481948Y478835D01*
X482164Y478537D01*
X482372Y478234D01*
X482573Y477925D01*
X482766Y477612D01*
X482951Y477293D01*
X483129Y476971D01*
X483298Y476644D01*
X483460Y476313D01*
X483613Y475979D01*
X483758Y475640D01*
X483895Y475298D01*
X484023Y474953D01*
X484143Y474605D01*
X484254Y474254D01*
X484357Y473901D01*
X484450Y473545D01*
X484536Y473187D01*
X484612Y472826D01*
X484679Y472464D01*
X484738Y472101D01*
X484787Y471736D01*
X484828Y471370D01*
X484859Y471003D01*
X484882Y470636D01*
X484895Y470268D01*
X484900Y469900D01*
X484895Y469532D01*
X484882Y469164D01*
X484859Y468797D01*
X484828Y468430D01*
X484787Y468064D01*
X484738Y467699D01*
X484679Y467336D01*
X484612Y466974D01*
X484536Y466613D01*
X484450Y466255D01*
X484357Y465899D01*
X484254Y465546D01*
X484143Y465195D01*
X484023Y464847D01*
X483895Y464502D01*
X483758Y464160D01*
X483613Y463821D01*
X483460Y463487D01*
X483298Y463156D01*
X483129Y462829D01*
X482951Y462507D01*
X482766Y462188D01*
X482573Y461875D01*
X482372Y461566D01*
X482164Y461263D01*
X481948Y460965D01*
X481725Y460672D01*
X481495Y460384D01*
X481258Y460102D01*
X481014Y459827D01*
X480764Y459557D01*
X480507Y459293D01*
X480243Y459036D01*
X479973Y458786D01*
X479698Y458542D01*
X479416Y458305D01*
X479128Y458075D01*
X478835Y457852D01*
X478537Y457636D01*
X478234Y457428D01*
X477925Y457227D01*
X477612Y457034D01*
X477293Y456849D01*
X476971Y456671D01*
X476644Y456502D01*
X476313Y456340D01*
X475979Y456187D01*
X475640Y456042D01*
X475298Y455905D01*
X474953Y455777D01*
X474605Y455657D01*
X474254Y455546D01*
X473901Y455443D01*
X473545Y455350D01*
X473187Y455264D01*
X472826Y455188D01*
X472464Y455121D01*
X472101Y455062D01*
X471736Y455013D01*
X471370Y454972D01*
X471003Y454941D01*
X470636Y454918D01*
X470268Y454905D01*
X469900Y454900D01*
X469532Y454905D01*
X469164Y454918D01*
X468797Y454941D01*
X468430Y454972D01*
X468064Y455013D01*
X467699Y455062D01*
X467336Y455121D01*
X466974Y455188D01*
X466613Y455264D01*
X466255Y455350D01*
X465899Y455443D01*
X465546Y455546D01*
X465195Y455657D01*
X464847Y455777D01*
X464502Y455905D01*
X464160Y456042D01*
X463821Y456187D01*
X463487Y456340D01*
X463156Y456502D01*
X462829Y456671D01*
X462507Y456849D01*
X462188Y457034D01*
X461875Y457227D01*
X461566Y457428D01*
X461263Y457636D01*
X460965Y457852D01*
X460672Y458075D01*
X460384Y458305D01*
X460102Y458542D01*
X459827Y458786D01*
X459557Y459036D01*
X459293Y459293D01*
X459036Y459557D01*
X458786Y459827D01*
X458542Y460102D01*
X458305Y460384D01*
X458075Y460672D01*
X457852Y460965D01*
X457636Y461263D01*
X457428Y461566D01*
X457227Y461875D01*
X457034Y462188D01*
X456849Y462507D01*
X456671Y462829D01*
X456502Y463156D01*
X456340Y463487D01*
X456187Y463821D01*
X456042Y464160D01*
X455905Y464502D01*
X455777Y464847D01*
X455657Y465195D01*
X455546Y465546D01*
X455443Y465899D01*
X455350Y466255D01*
X455264Y466613D01*
X455188Y466974D01*
X455121Y467336D01*
X455062Y467699D01*
X455013Y468064D01*
X454972Y468430D01*
X454941Y468797D01*
X454918Y469164D01*
X454905Y469532D01*
X454900Y469900D01*
D11*
X0Y0D02*
X507800Y0D01*
X508000Y508000D01*
X0Y508000D01*
X0Y0D01*
X53100Y37564D02*
X53024Y36496D01*
X52871Y35435D01*
X52643Y34388D01*
X52341Y33360D01*
X51967Y32356D01*
X51522Y31381D01*
X51008Y30441D01*
X50429Y29540D01*
X49787Y28682D01*
X49085Y27872D01*
X48328Y27115D01*
X47518Y26413D01*
X46660Y25771D01*
X45759Y25192D01*
X44819Y24678D01*
X43844Y24233D01*
X42840Y23859D01*
X41812Y23557D01*
X40765Y23329D01*
X39704Y23176D01*
X38636Y23100D01*
X37564Y23100D01*
X36496Y23176D01*
X35435Y23329D01*
X34388Y23557D01*
X33360Y23859D01*
X32356Y24233D01*
X31381Y24678D01*
X30441Y25192D01*
X29540Y25771D01*
X28682Y26413D01*
X27872Y27115D01*
X27115Y27872D01*
X26413Y28682D01*
X25771Y29540D01*
X25192Y30441D01*
X24678Y31381D01*
X24233Y32356D01*
X23859Y33360D01*
X23557Y34388D01*
X23329Y35435D01*
X23176Y36496D01*
X23100Y37564D01*
X23100Y38636D01*
X23176Y39704D01*
X23329Y40765D01*
X23557Y41812D01*
X23859Y42840D01*
X24233Y43844D01*
X24678Y44819D01*
X25192Y45759D01*
X25771Y46660D01*
X26413Y47518D01*
X27115Y48328D01*
X27872Y49085D01*
X28682Y49787D01*
X29540Y50429D01*
X30441Y51008D01*
X31381Y51522D01*
X32356Y51967D01*
X33360Y52341D01*
X34388Y52643D01*
X35435Y52871D01*
X36496Y53024D01*
X37564Y53100D01*
X38636Y53100D01*
X39704Y53024D01*
X40765Y52871D01*
X41812Y52643D01*
X42840Y52341D01*
X43844Y51967D01*
X44819Y51522D01*
X45759Y51008D01*
X46660Y50429D01*
X47518Y49787D01*
X48328Y49085D01*
X49085Y48328D01*
X49787Y47518D01*
X50429Y46660D01*
X51008Y45759D01*
X51522Y44819D01*
X51967Y43844D01*
X52341Y42840D01*
X52643Y41812D01*
X52871Y40765D01*
X53024Y39704D01*
X53100Y38636D01*
X53100Y37564D01*
X484900Y37564D02*
X484824Y36496D01*
X484671Y35435D01*
X484443Y34388D01*
X484141Y33360D01*
X483767Y32356D01*
X483322Y31381D01*
X482808Y30441D01*
X482229Y29540D01*
X481587Y28682D01*
X480885Y27872D01*
X480128Y27115D01*
X479318Y26413D01*
X478460Y25771D01*
X477559Y25192D01*
X476619Y24678D01*
X475644Y24233D01*
X474640Y23859D01*
X473612Y23557D01*
X472565Y23329D01*
X471504Y23176D01*
X470436Y23100D01*
X469364Y23100D01*
X468296Y23176D01*
X467235Y23329D01*
X466188Y23557D01*
X465160Y23859D01*
X464156Y24233D01*
X463181Y24678D01*
X462241Y25192D01*
X461340Y25771D01*
X460482Y26413D01*
X459672Y27115D01*
X458915Y27872D01*
X458213Y28682D01*
X457571Y29540D01*
X456992Y30441D01*
X456478Y31381D01*
X456033Y32356D01*
X455659Y33360D01*
X455357Y34388D01*
X455129Y35435D01*
X454976Y36496D01*
X454900Y37564D01*
X454900Y38636D01*
X454976Y39704D01*
X455129Y40765D01*
X455357Y41812D01*
X455659Y42840D01*
X456033Y43844D01*
X456478Y44819D01*
X456992Y45759D01*
X457571Y46660D01*
X458213Y47518D01*
X458915Y48328D01*
X459672Y49085D01*
X460482Y49787D01*
X461340Y50429D01*
X462241Y51008D01*
X463181Y51522D01*
X464156Y51967D01*
X465160Y52341D01*
X466188Y52643D01*
X467235Y52871D01*
X468296Y53024D01*
X469364Y53100D01*
X470436Y53100D01*
X471504Y53024D01*
X472565Y52871D01*
X473612Y52643D01*
X474640Y52341D01*
X475644Y51967D01*
X476619Y51522D01*
X477559Y51008D01*
X478460Y50429D01*
X479318Y49787D01*
X480128Y49085D01*
X480885Y48328D01*
X481587Y47518D01*
X482229Y46660D01*
X482808Y45759D01*
X483322Y44819D01*
X483767Y43844D01*
X484141Y42840D01*
X484443Y41812D01*
X484671Y40765D01*
X484824Y39704D01*
X484900Y38636D01*
X484900Y37564D01*
X53100Y469364D02*
X53024Y468296D01*
X52871Y467235D01*
X52643Y466188D01*
X52341Y465160D01*
X51967Y464156D01*
X51522Y463181D01*
X51008Y462241D01*
X50429Y461340D01*
X49787Y460482D01*
X49085Y459672D01*
X48328Y458915D01*
X47518Y458213D01*
X46660Y457571D01*
X45759Y456992D01*
X44819Y456478D01*
X43844Y456033D01*
X42840Y455659D01*
X41812Y455357D01*
X40765Y455129D01*
X39704Y454976D01*
X38636Y454900D01*
X37564Y454900D01*
X36496Y454976D01*
X35435Y455129D01*
X34388Y455357D01*
X33360Y455659D01*
X32356Y456033D01*
X31381Y456478D01*
X30441Y456992D01*
X29540Y457571D01*
X28682Y458213D01*
X27872Y458915D01*
X27115Y459672D01*
X26413Y460482D01*
X25771Y461340D01*
X25192Y462241D01*
X24678Y463181D01*
X24233Y464156D01*
X23859Y465160D01*
X23557Y466188D01*
X23329Y467235D01*
X23176Y468296D01*
X23100Y469364D01*
X23100Y470436D01*
X23176Y471504D01*
X23329Y472565D01*
X23557Y473612D01*
X23859Y474640D01*
X24233Y475644D01*
X24678Y476619D01*
X25192Y477559D01*
X25771Y478460D01*
X26413Y479318D01*
X27115Y480128D01*
X27872Y480885D01*
X28682Y481587D01*
X29540Y482229D01*
X30441Y482808D01*
X31381Y483322D01*
X32356Y483767D01*
X33360Y484141D01*
X34388Y484443D01*
X35435Y484671D01*
X36496Y484824D01*
X37564Y484900D01*
X38636Y484900D01*
X39704Y484824D01*
X40765Y484671D01*
X41812Y484443D01*
X42840Y484141D01*
X43844Y483767D01*
X44819Y483322D01*
X45759Y482808D01*
X46660Y482229D01*
X47518Y481587D01*
X48328Y480885D01*
X49085Y480128D01*
X49787Y479318D01*
X50429Y478460D01*
X51008Y477559D01*
X51522Y476619D01*
X51967Y475644D01*
X52341Y474640D01*
X52643Y473612D01*
X52871Y472565D01*
X53024Y471504D01*
X53100Y470436D01*
X53100Y469364D01*
X484900Y469364D02*
X484824Y468296D01*
X484671Y467235D01*
X484443Y466188D01*
X484141Y465160D01*
X483767Y464156D01*
X483322Y463181D01*
X482808Y462241D01*
X482229Y461340D01*
X481587Y460482D01*
X480885Y459672D01*
X480128Y458915D01*
X479318Y458213D01*
X478460Y457571D01*
X477559Y456992D01*
X476619Y456478D01*
X475644Y456033D01*
X474640Y455659D01*
X473612Y455357D01*
X472565Y455129D01*
X471504Y454976D01*
X470436Y454900D01*
X469364Y454900D01*
X468296Y454976D01*
X467235Y455129D01*
X466188Y455357D01*
X465160Y455659D01*
X464156Y456033D01*
X463181Y456478D01*
X462241Y456992D01*
X461340Y457571D01*
X460482Y458213D01*
X459672Y458915D01*
X458915Y459672D01*
X458213Y460482D01*
X457571Y461340D01*
X456992Y462241D01*
X456478Y463181D01*
X456033Y464156D01*
X455659Y465160D01*
X455357Y466188D01*
X455129Y467235D01*
X454976Y468296D01*
X454900Y469364D01*
X454900Y470436D01*
X454976Y471504D01*
X455129Y472565D01*
X455357Y473612D01*
X455659Y474640D01*
X456033Y475644D01*
X456478Y476619D01*
X456992Y477559D01*
X457571Y478460D01*
X458213Y479318D01*
X458915Y480128D01*
X459672Y480885D01*
X460482Y481587D01*
X461340Y482229D01*
X462241Y482808D01*
X463181Y483322D01*
X464156Y483767D01*
X465160Y484141D01*
X466188Y484443D01*
X467235Y484671D01*
X468296Y484824D01*
X469364Y484900D01*
X470436Y484900D01*
X471504Y484824D01*
X472565Y484671D01*
X473612Y484443D01*
X474640Y484141D01*
X475644Y483767D01*
X476619Y483322D01*
X477559Y482808D01*
X478460Y482229D01*
X479318Y481587D01*
X480128Y480885D01*
X480885Y480128D01*
X481587Y479318D01*
X482229Y478460D01*
X482808Y477559D01*
X483322Y476619D01*
X483767Y475644D01*
X484141Y474640D01*
X484443Y473612D01*
X484671Y472565D01*
X484824Y471504D01*
X484900Y470436D01*
X484900Y469364D01*
M02*
