G04 EAGLE Gerber RS-274X export*
G75*
%MOMM*%
%FSLAX34Y34*%
%LPD*%
%IN*%
%IPPOS*%
%AMOC8*
5,1,8,0,0,1.08239X$1,22.5*%
G01*
%ADD10C,0.000000*%
%ADD11C,0.254000*%


D10*
X0Y0D02*
X825300Y0D01*
X825500Y508000D01*
X0Y508000D01*
X0Y0D01*
X23100Y38100D02*
X23105Y38468D01*
X23118Y38836D01*
X23141Y39203D01*
X23172Y39570D01*
X23213Y39936D01*
X23262Y40301D01*
X23321Y40664D01*
X23388Y41026D01*
X23464Y41387D01*
X23550Y41745D01*
X23643Y42101D01*
X23746Y42454D01*
X23857Y42805D01*
X23977Y43153D01*
X24105Y43498D01*
X24242Y43840D01*
X24387Y44179D01*
X24540Y44513D01*
X24702Y44844D01*
X24871Y45171D01*
X25049Y45493D01*
X25234Y45812D01*
X25427Y46125D01*
X25628Y46434D01*
X25836Y46737D01*
X26052Y47035D01*
X26275Y47328D01*
X26505Y47616D01*
X26742Y47898D01*
X26986Y48173D01*
X27236Y48443D01*
X27493Y48707D01*
X27757Y48964D01*
X28027Y49214D01*
X28302Y49458D01*
X28584Y49695D01*
X28872Y49925D01*
X29165Y50148D01*
X29463Y50364D01*
X29766Y50572D01*
X30075Y50773D01*
X30388Y50966D01*
X30707Y51151D01*
X31029Y51329D01*
X31356Y51498D01*
X31687Y51660D01*
X32021Y51813D01*
X32360Y51958D01*
X32702Y52095D01*
X33047Y52223D01*
X33395Y52343D01*
X33746Y52454D01*
X34099Y52557D01*
X34455Y52650D01*
X34813Y52736D01*
X35174Y52812D01*
X35536Y52879D01*
X35899Y52938D01*
X36264Y52987D01*
X36630Y53028D01*
X36997Y53059D01*
X37364Y53082D01*
X37732Y53095D01*
X38100Y53100D01*
X38468Y53095D01*
X38836Y53082D01*
X39203Y53059D01*
X39570Y53028D01*
X39936Y52987D01*
X40301Y52938D01*
X40664Y52879D01*
X41026Y52812D01*
X41387Y52736D01*
X41745Y52650D01*
X42101Y52557D01*
X42454Y52454D01*
X42805Y52343D01*
X43153Y52223D01*
X43498Y52095D01*
X43840Y51958D01*
X44179Y51813D01*
X44513Y51660D01*
X44844Y51498D01*
X45171Y51329D01*
X45493Y51151D01*
X45812Y50966D01*
X46125Y50773D01*
X46434Y50572D01*
X46737Y50364D01*
X47035Y50148D01*
X47328Y49925D01*
X47616Y49695D01*
X47898Y49458D01*
X48173Y49214D01*
X48443Y48964D01*
X48707Y48707D01*
X48964Y48443D01*
X49214Y48173D01*
X49458Y47898D01*
X49695Y47616D01*
X49925Y47328D01*
X50148Y47035D01*
X50364Y46737D01*
X50572Y46434D01*
X50773Y46125D01*
X50966Y45812D01*
X51151Y45493D01*
X51329Y45171D01*
X51498Y44844D01*
X51660Y44513D01*
X51813Y44179D01*
X51958Y43840D01*
X52095Y43498D01*
X52223Y43153D01*
X52343Y42805D01*
X52454Y42454D01*
X52557Y42101D01*
X52650Y41745D01*
X52736Y41387D01*
X52812Y41026D01*
X52879Y40664D01*
X52938Y40301D01*
X52987Y39936D01*
X53028Y39570D01*
X53059Y39203D01*
X53082Y38836D01*
X53095Y38468D01*
X53100Y38100D01*
X53095Y37732D01*
X53082Y37364D01*
X53059Y36997D01*
X53028Y36630D01*
X52987Y36264D01*
X52938Y35899D01*
X52879Y35536D01*
X52812Y35174D01*
X52736Y34813D01*
X52650Y34455D01*
X52557Y34099D01*
X52454Y33746D01*
X52343Y33395D01*
X52223Y33047D01*
X52095Y32702D01*
X51958Y32360D01*
X51813Y32021D01*
X51660Y31687D01*
X51498Y31356D01*
X51329Y31029D01*
X51151Y30707D01*
X50966Y30388D01*
X50773Y30075D01*
X50572Y29766D01*
X50364Y29463D01*
X50148Y29165D01*
X49925Y28872D01*
X49695Y28584D01*
X49458Y28302D01*
X49214Y28027D01*
X48964Y27757D01*
X48707Y27493D01*
X48443Y27236D01*
X48173Y26986D01*
X47898Y26742D01*
X47616Y26505D01*
X47328Y26275D01*
X47035Y26052D01*
X46737Y25836D01*
X46434Y25628D01*
X46125Y25427D01*
X45812Y25234D01*
X45493Y25049D01*
X45171Y24871D01*
X44844Y24702D01*
X44513Y24540D01*
X44179Y24387D01*
X43840Y24242D01*
X43498Y24105D01*
X43153Y23977D01*
X42805Y23857D01*
X42454Y23746D01*
X42101Y23643D01*
X41745Y23550D01*
X41387Y23464D01*
X41026Y23388D01*
X40664Y23321D01*
X40301Y23262D01*
X39936Y23213D01*
X39570Y23172D01*
X39203Y23141D01*
X38836Y23118D01*
X38468Y23105D01*
X38100Y23100D01*
X37732Y23105D01*
X37364Y23118D01*
X36997Y23141D01*
X36630Y23172D01*
X36264Y23213D01*
X35899Y23262D01*
X35536Y23321D01*
X35174Y23388D01*
X34813Y23464D01*
X34455Y23550D01*
X34099Y23643D01*
X33746Y23746D01*
X33395Y23857D01*
X33047Y23977D01*
X32702Y24105D01*
X32360Y24242D01*
X32021Y24387D01*
X31687Y24540D01*
X31356Y24702D01*
X31029Y24871D01*
X30707Y25049D01*
X30388Y25234D01*
X30075Y25427D01*
X29766Y25628D01*
X29463Y25836D01*
X29165Y26052D01*
X28872Y26275D01*
X28584Y26505D01*
X28302Y26742D01*
X28027Y26986D01*
X27757Y27236D01*
X27493Y27493D01*
X27236Y27757D01*
X26986Y28027D01*
X26742Y28302D01*
X26505Y28584D01*
X26275Y28872D01*
X26052Y29165D01*
X25836Y29463D01*
X25628Y29766D01*
X25427Y30075D01*
X25234Y30388D01*
X25049Y30707D01*
X24871Y31029D01*
X24702Y31356D01*
X24540Y31687D01*
X24387Y32021D01*
X24242Y32360D01*
X24105Y32702D01*
X23977Y33047D01*
X23857Y33395D01*
X23746Y33746D01*
X23643Y34099D01*
X23550Y34455D01*
X23464Y34813D01*
X23388Y35174D01*
X23321Y35536D01*
X23262Y35899D01*
X23213Y36264D01*
X23172Y36630D01*
X23141Y36997D01*
X23118Y37364D01*
X23105Y37732D01*
X23100Y38100D01*
X772400Y38100D02*
X772405Y38468D01*
X772418Y38836D01*
X772441Y39203D01*
X772472Y39570D01*
X772513Y39936D01*
X772562Y40301D01*
X772621Y40664D01*
X772688Y41026D01*
X772764Y41387D01*
X772850Y41745D01*
X772943Y42101D01*
X773046Y42454D01*
X773157Y42805D01*
X773277Y43153D01*
X773405Y43498D01*
X773542Y43840D01*
X773687Y44179D01*
X773840Y44513D01*
X774002Y44844D01*
X774171Y45171D01*
X774349Y45493D01*
X774534Y45812D01*
X774727Y46125D01*
X774928Y46434D01*
X775136Y46737D01*
X775352Y47035D01*
X775575Y47328D01*
X775805Y47616D01*
X776042Y47898D01*
X776286Y48173D01*
X776536Y48443D01*
X776793Y48707D01*
X777057Y48964D01*
X777327Y49214D01*
X777602Y49458D01*
X777884Y49695D01*
X778172Y49925D01*
X778465Y50148D01*
X778763Y50364D01*
X779066Y50572D01*
X779375Y50773D01*
X779688Y50966D01*
X780007Y51151D01*
X780329Y51329D01*
X780656Y51498D01*
X780987Y51660D01*
X781321Y51813D01*
X781660Y51958D01*
X782002Y52095D01*
X782347Y52223D01*
X782695Y52343D01*
X783046Y52454D01*
X783399Y52557D01*
X783755Y52650D01*
X784113Y52736D01*
X784474Y52812D01*
X784836Y52879D01*
X785199Y52938D01*
X785564Y52987D01*
X785930Y53028D01*
X786297Y53059D01*
X786664Y53082D01*
X787032Y53095D01*
X787400Y53100D01*
X787768Y53095D01*
X788136Y53082D01*
X788503Y53059D01*
X788870Y53028D01*
X789236Y52987D01*
X789601Y52938D01*
X789964Y52879D01*
X790326Y52812D01*
X790687Y52736D01*
X791045Y52650D01*
X791401Y52557D01*
X791754Y52454D01*
X792105Y52343D01*
X792453Y52223D01*
X792798Y52095D01*
X793140Y51958D01*
X793479Y51813D01*
X793813Y51660D01*
X794144Y51498D01*
X794471Y51329D01*
X794793Y51151D01*
X795112Y50966D01*
X795425Y50773D01*
X795734Y50572D01*
X796037Y50364D01*
X796335Y50148D01*
X796628Y49925D01*
X796916Y49695D01*
X797198Y49458D01*
X797473Y49214D01*
X797743Y48964D01*
X798007Y48707D01*
X798264Y48443D01*
X798514Y48173D01*
X798758Y47898D01*
X798995Y47616D01*
X799225Y47328D01*
X799448Y47035D01*
X799664Y46737D01*
X799872Y46434D01*
X800073Y46125D01*
X800266Y45812D01*
X800451Y45493D01*
X800629Y45171D01*
X800798Y44844D01*
X800960Y44513D01*
X801113Y44179D01*
X801258Y43840D01*
X801395Y43498D01*
X801523Y43153D01*
X801643Y42805D01*
X801754Y42454D01*
X801857Y42101D01*
X801950Y41745D01*
X802036Y41387D01*
X802112Y41026D01*
X802179Y40664D01*
X802238Y40301D01*
X802287Y39936D01*
X802328Y39570D01*
X802359Y39203D01*
X802382Y38836D01*
X802395Y38468D01*
X802400Y38100D01*
X802395Y37732D01*
X802382Y37364D01*
X802359Y36997D01*
X802328Y36630D01*
X802287Y36264D01*
X802238Y35899D01*
X802179Y35536D01*
X802112Y35174D01*
X802036Y34813D01*
X801950Y34455D01*
X801857Y34099D01*
X801754Y33746D01*
X801643Y33395D01*
X801523Y33047D01*
X801395Y32702D01*
X801258Y32360D01*
X801113Y32021D01*
X800960Y31687D01*
X800798Y31356D01*
X800629Y31029D01*
X800451Y30707D01*
X800266Y30388D01*
X800073Y30075D01*
X799872Y29766D01*
X799664Y29463D01*
X799448Y29165D01*
X799225Y28872D01*
X798995Y28584D01*
X798758Y28302D01*
X798514Y28027D01*
X798264Y27757D01*
X798007Y27493D01*
X797743Y27236D01*
X797473Y26986D01*
X797198Y26742D01*
X796916Y26505D01*
X796628Y26275D01*
X796335Y26052D01*
X796037Y25836D01*
X795734Y25628D01*
X795425Y25427D01*
X795112Y25234D01*
X794793Y25049D01*
X794471Y24871D01*
X794144Y24702D01*
X793813Y24540D01*
X793479Y24387D01*
X793140Y24242D01*
X792798Y24105D01*
X792453Y23977D01*
X792105Y23857D01*
X791754Y23746D01*
X791401Y23643D01*
X791045Y23550D01*
X790687Y23464D01*
X790326Y23388D01*
X789964Y23321D01*
X789601Y23262D01*
X789236Y23213D01*
X788870Y23172D01*
X788503Y23141D01*
X788136Y23118D01*
X787768Y23105D01*
X787400Y23100D01*
X787032Y23105D01*
X786664Y23118D01*
X786297Y23141D01*
X785930Y23172D01*
X785564Y23213D01*
X785199Y23262D01*
X784836Y23321D01*
X784474Y23388D01*
X784113Y23464D01*
X783755Y23550D01*
X783399Y23643D01*
X783046Y23746D01*
X782695Y23857D01*
X782347Y23977D01*
X782002Y24105D01*
X781660Y24242D01*
X781321Y24387D01*
X780987Y24540D01*
X780656Y24702D01*
X780329Y24871D01*
X780007Y25049D01*
X779688Y25234D01*
X779375Y25427D01*
X779066Y25628D01*
X778763Y25836D01*
X778465Y26052D01*
X778172Y26275D01*
X777884Y26505D01*
X777602Y26742D01*
X777327Y26986D01*
X777057Y27236D01*
X776793Y27493D01*
X776536Y27757D01*
X776286Y28027D01*
X776042Y28302D01*
X775805Y28584D01*
X775575Y28872D01*
X775352Y29165D01*
X775136Y29463D01*
X774928Y29766D01*
X774727Y30075D01*
X774534Y30388D01*
X774349Y30707D01*
X774171Y31029D01*
X774002Y31356D01*
X773840Y31687D01*
X773687Y32021D01*
X773542Y32360D01*
X773405Y32702D01*
X773277Y33047D01*
X773157Y33395D01*
X773046Y33746D01*
X772943Y34099D01*
X772850Y34455D01*
X772764Y34813D01*
X772688Y35174D01*
X772621Y35536D01*
X772562Y35899D01*
X772513Y36264D01*
X772472Y36630D01*
X772441Y36997D01*
X772418Y37364D01*
X772405Y37732D01*
X772400Y38100D01*
X23100Y469900D02*
X23105Y470268D01*
X23118Y470636D01*
X23141Y471003D01*
X23172Y471370D01*
X23213Y471736D01*
X23262Y472101D01*
X23321Y472464D01*
X23388Y472826D01*
X23464Y473187D01*
X23550Y473545D01*
X23643Y473901D01*
X23746Y474254D01*
X23857Y474605D01*
X23977Y474953D01*
X24105Y475298D01*
X24242Y475640D01*
X24387Y475979D01*
X24540Y476313D01*
X24702Y476644D01*
X24871Y476971D01*
X25049Y477293D01*
X25234Y477612D01*
X25427Y477925D01*
X25628Y478234D01*
X25836Y478537D01*
X26052Y478835D01*
X26275Y479128D01*
X26505Y479416D01*
X26742Y479698D01*
X26986Y479973D01*
X27236Y480243D01*
X27493Y480507D01*
X27757Y480764D01*
X28027Y481014D01*
X28302Y481258D01*
X28584Y481495D01*
X28872Y481725D01*
X29165Y481948D01*
X29463Y482164D01*
X29766Y482372D01*
X30075Y482573D01*
X30388Y482766D01*
X30707Y482951D01*
X31029Y483129D01*
X31356Y483298D01*
X31687Y483460D01*
X32021Y483613D01*
X32360Y483758D01*
X32702Y483895D01*
X33047Y484023D01*
X33395Y484143D01*
X33746Y484254D01*
X34099Y484357D01*
X34455Y484450D01*
X34813Y484536D01*
X35174Y484612D01*
X35536Y484679D01*
X35899Y484738D01*
X36264Y484787D01*
X36630Y484828D01*
X36997Y484859D01*
X37364Y484882D01*
X37732Y484895D01*
X38100Y484900D01*
X38468Y484895D01*
X38836Y484882D01*
X39203Y484859D01*
X39570Y484828D01*
X39936Y484787D01*
X40301Y484738D01*
X40664Y484679D01*
X41026Y484612D01*
X41387Y484536D01*
X41745Y484450D01*
X42101Y484357D01*
X42454Y484254D01*
X42805Y484143D01*
X43153Y484023D01*
X43498Y483895D01*
X43840Y483758D01*
X44179Y483613D01*
X44513Y483460D01*
X44844Y483298D01*
X45171Y483129D01*
X45493Y482951D01*
X45812Y482766D01*
X46125Y482573D01*
X46434Y482372D01*
X46737Y482164D01*
X47035Y481948D01*
X47328Y481725D01*
X47616Y481495D01*
X47898Y481258D01*
X48173Y481014D01*
X48443Y480764D01*
X48707Y480507D01*
X48964Y480243D01*
X49214Y479973D01*
X49458Y479698D01*
X49695Y479416D01*
X49925Y479128D01*
X50148Y478835D01*
X50364Y478537D01*
X50572Y478234D01*
X50773Y477925D01*
X50966Y477612D01*
X51151Y477293D01*
X51329Y476971D01*
X51498Y476644D01*
X51660Y476313D01*
X51813Y475979D01*
X51958Y475640D01*
X52095Y475298D01*
X52223Y474953D01*
X52343Y474605D01*
X52454Y474254D01*
X52557Y473901D01*
X52650Y473545D01*
X52736Y473187D01*
X52812Y472826D01*
X52879Y472464D01*
X52938Y472101D01*
X52987Y471736D01*
X53028Y471370D01*
X53059Y471003D01*
X53082Y470636D01*
X53095Y470268D01*
X53100Y469900D01*
X53095Y469532D01*
X53082Y469164D01*
X53059Y468797D01*
X53028Y468430D01*
X52987Y468064D01*
X52938Y467699D01*
X52879Y467336D01*
X52812Y466974D01*
X52736Y466613D01*
X52650Y466255D01*
X52557Y465899D01*
X52454Y465546D01*
X52343Y465195D01*
X52223Y464847D01*
X52095Y464502D01*
X51958Y464160D01*
X51813Y463821D01*
X51660Y463487D01*
X51498Y463156D01*
X51329Y462829D01*
X51151Y462507D01*
X50966Y462188D01*
X50773Y461875D01*
X50572Y461566D01*
X50364Y461263D01*
X50148Y460965D01*
X49925Y460672D01*
X49695Y460384D01*
X49458Y460102D01*
X49214Y459827D01*
X48964Y459557D01*
X48707Y459293D01*
X48443Y459036D01*
X48173Y458786D01*
X47898Y458542D01*
X47616Y458305D01*
X47328Y458075D01*
X47035Y457852D01*
X46737Y457636D01*
X46434Y457428D01*
X46125Y457227D01*
X45812Y457034D01*
X45493Y456849D01*
X45171Y456671D01*
X44844Y456502D01*
X44513Y456340D01*
X44179Y456187D01*
X43840Y456042D01*
X43498Y455905D01*
X43153Y455777D01*
X42805Y455657D01*
X42454Y455546D01*
X42101Y455443D01*
X41745Y455350D01*
X41387Y455264D01*
X41026Y455188D01*
X40664Y455121D01*
X40301Y455062D01*
X39936Y455013D01*
X39570Y454972D01*
X39203Y454941D01*
X38836Y454918D01*
X38468Y454905D01*
X38100Y454900D01*
X37732Y454905D01*
X37364Y454918D01*
X36997Y454941D01*
X36630Y454972D01*
X36264Y455013D01*
X35899Y455062D01*
X35536Y455121D01*
X35174Y455188D01*
X34813Y455264D01*
X34455Y455350D01*
X34099Y455443D01*
X33746Y455546D01*
X33395Y455657D01*
X33047Y455777D01*
X32702Y455905D01*
X32360Y456042D01*
X32021Y456187D01*
X31687Y456340D01*
X31356Y456502D01*
X31029Y456671D01*
X30707Y456849D01*
X30388Y457034D01*
X30075Y457227D01*
X29766Y457428D01*
X29463Y457636D01*
X29165Y457852D01*
X28872Y458075D01*
X28584Y458305D01*
X28302Y458542D01*
X28027Y458786D01*
X27757Y459036D01*
X27493Y459293D01*
X27236Y459557D01*
X26986Y459827D01*
X26742Y460102D01*
X26505Y460384D01*
X26275Y460672D01*
X26052Y460965D01*
X25836Y461263D01*
X25628Y461566D01*
X25427Y461875D01*
X25234Y462188D01*
X25049Y462507D01*
X24871Y462829D01*
X24702Y463156D01*
X24540Y463487D01*
X24387Y463821D01*
X24242Y464160D01*
X24105Y464502D01*
X23977Y464847D01*
X23857Y465195D01*
X23746Y465546D01*
X23643Y465899D01*
X23550Y466255D01*
X23464Y466613D01*
X23388Y466974D01*
X23321Y467336D01*
X23262Y467699D01*
X23213Y468064D01*
X23172Y468430D01*
X23141Y468797D01*
X23118Y469164D01*
X23105Y469532D01*
X23100Y469900D01*
X772400Y469900D02*
X772405Y470268D01*
X772418Y470636D01*
X772441Y471003D01*
X772472Y471370D01*
X772513Y471736D01*
X772562Y472101D01*
X772621Y472464D01*
X772688Y472826D01*
X772764Y473187D01*
X772850Y473545D01*
X772943Y473901D01*
X773046Y474254D01*
X773157Y474605D01*
X773277Y474953D01*
X773405Y475298D01*
X773542Y475640D01*
X773687Y475979D01*
X773840Y476313D01*
X774002Y476644D01*
X774171Y476971D01*
X774349Y477293D01*
X774534Y477612D01*
X774727Y477925D01*
X774928Y478234D01*
X775136Y478537D01*
X775352Y478835D01*
X775575Y479128D01*
X775805Y479416D01*
X776042Y479698D01*
X776286Y479973D01*
X776536Y480243D01*
X776793Y480507D01*
X777057Y480764D01*
X777327Y481014D01*
X777602Y481258D01*
X777884Y481495D01*
X778172Y481725D01*
X778465Y481948D01*
X778763Y482164D01*
X779066Y482372D01*
X779375Y482573D01*
X779688Y482766D01*
X780007Y482951D01*
X780329Y483129D01*
X780656Y483298D01*
X780987Y483460D01*
X781321Y483613D01*
X781660Y483758D01*
X782002Y483895D01*
X782347Y484023D01*
X782695Y484143D01*
X783046Y484254D01*
X783399Y484357D01*
X783755Y484450D01*
X784113Y484536D01*
X784474Y484612D01*
X784836Y484679D01*
X785199Y484738D01*
X785564Y484787D01*
X785930Y484828D01*
X786297Y484859D01*
X786664Y484882D01*
X787032Y484895D01*
X787400Y484900D01*
X787768Y484895D01*
X788136Y484882D01*
X788503Y484859D01*
X788870Y484828D01*
X789236Y484787D01*
X789601Y484738D01*
X789964Y484679D01*
X790326Y484612D01*
X790687Y484536D01*
X791045Y484450D01*
X791401Y484357D01*
X791754Y484254D01*
X792105Y484143D01*
X792453Y484023D01*
X792798Y483895D01*
X793140Y483758D01*
X793479Y483613D01*
X793813Y483460D01*
X794144Y483298D01*
X794471Y483129D01*
X794793Y482951D01*
X795112Y482766D01*
X795425Y482573D01*
X795734Y482372D01*
X796037Y482164D01*
X796335Y481948D01*
X796628Y481725D01*
X796916Y481495D01*
X797198Y481258D01*
X797473Y481014D01*
X797743Y480764D01*
X798007Y480507D01*
X798264Y480243D01*
X798514Y479973D01*
X798758Y479698D01*
X798995Y479416D01*
X799225Y479128D01*
X799448Y478835D01*
X799664Y478537D01*
X799872Y478234D01*
X800073Y477925D01*
X800266Y477612D01*
X800451Y477293D01*
X800629Y476971D01*
X800798Y476644D01*
X800960Y476313D01*
X801113Y475979D01*
X801258Y475640D01*
X801395Y475298D01*
X801523Y474953D01*
X801643Y474605D01*
X801754Y474254D01*
X801857Y473901D01*
X801950Y473545D01*
X802036Y473187D01*
X802112Y472826D01*
X802179Y472464D01*
X802238Y472101D01*
X802287Y471736D01*
X802328Y471370D01*
X802359Y471003D01*
X802382Y470636D01*
X802395Y470268D01*
X802400Y469900D01*
X802395Y469532D01*
X802382Y469164D01*
X802359Y468797D01*
X802328Y468430D01*
X802287Y468064D01*
X802238Y467699D01*
X802179Y467336D01*
X802112Y466974D01*
X802036Y466613D01*
X801950Y466255D01*
X801857Y465899D01*
X801754Y465546D01*
X801643Y465195D01*
X801523Y464847D01*
X801395Y464502D01*
X801258Y464160D01*
X801113Y463821D01*
X800960Y463487D01*
X800798Y463156D01*
X800629Y462829D01*
X800451Y462507D01*
X800266Y462188D01*
X800073Y461875D01*
X799872Y461566D01*
X799664Y461263D01*
X799448Y460965D01*
X799225Y460672D01*
X798995Y460384D01*
X798758Y460102D01*
X798514Y459827D01*
X798264Y459557D01*
X798007Y459293D01*
X797743Y459036D01*
X797473Y458786D01*
X797198Y458542D01*
X796916Y458305D01*
X796628Y458075D01*
X796335Y457852D01*
X796037Y457636D01*
X795734Y457428D01*
X795425Y457227D01*
X795112Y457034D01*
X794793Y456849D01*
X794471Y456671D01*
X794144Y456502D01*
X793813Y456340D01*
X793479Y456187D01*
X793140Y456042D01*
X792798Y455905D01*
X792453Y455777D01*
X792105Y455657D01*
X791754Y455546D01*
X791401Y455443D01*
X791045Y455350D01*
X790687Y455264D01*
X790326Y455188D01*
X789964Y455121D01*
X789601Y455062D01*
X789236Y455013D01*
X788870Y454972D01*
X788503Y454941D01*
X788136Y454918D01*
X787768Y454905D01*
X787400Y454900D01*
X787032Y454905D01*
X786664Y454918D01*
X786297Y454941D01*
X785930Y454972D01*
X785564Y455013D01*
X785199Y455062D01*
X784836Y455121D01*
X784474Y455188D01*
X784113Y455264D01*
X783755Y455350D01*
X783399Y455443D01*
X783046Y455546D01*
X782695Y455657D01*
X782347Y455777D01*
X782002Y455905D01*
X781660Y456042D01*
X781321Y456187D01*
X780987Y456340D01*
X780656Y456502D01*
X780329Y456671D01*
X780007Y456849D01*
X779688Y457034D01*
X779375Y457227D01*
X779066Y457428D01*
X778763Y457636D01*
X778465Y457852D01*
X778172Y458075D01*
X777884Y458305D01*
X777602Y458542D01*
X777327Y458786D01*
X777057Y459036D01*
X776793Y459293D01*
X776536Y459557D01*
X776286Y459827D01*
X776042Y460102D01*
X775805Y460384D01*
X775575Y460672D01*
X775352Y460965D01*
X775136Y461263D01*
X774928Y461566D01*
X774727Y461875D01*
X774534Y462188D01*
X774349Y462507D01*
X774171Y462829D01*
X774002Y463156D01*
X773840Y463487D01*
X773687Y463821D01*
X773542Y464160D01*
X773405Y464502D01*
X773277Y464847D01*
X773157Y465195D01*
X773046Y465546D01*
X772943Y465899D01*
X772850Y466255D01*
X772764Y466613D01*
X772688Y466974D01*
X772621Y467336D01*
X772562Y467699D01*
X772513Y468064D01*
X772472Y468430D01*
X772441Y468797D01*
X772418Y469164D01*
X772405Y469532D01*
X772400Y469900D01*
D11*
X0Y0D02*
X825300Y0D01*
X825500Y508000D01*
X0Y508000D01*
X0Y0D01*
X53100Y37564D02*
X53024Y36496D01*
X52871Y35435D01*
X52643Y34388D01*
X52341Y33360D01*
X51967Y32356D01*
X51522Y31381D01*
X51008Y30441D01*
X50429Y29540D01*
X49787Y28682D01*
X49085Y27872D01*
X48328Y27115D01*
X47518Y26413D01*
X46660Y25771D01*
X45759Y25192D01*
X44819Y24678D01*
X43844Y24233D01*
X42840Y23859D01*
X41812Y23557D01*
X40765Y23329D01*
X39704Y23176D01*
X38636Y23100D01*
X37564Y23100D01*
X36496Y23176D01*
X35435Y23329D01*
X34388Y23557D01*
X33360Y23859D01*
X32356Y24233D01*
X31381Y24678D01*
X30441Y25192D01*
X29540Y25771D01*
X28682Y26413D01*
X27872Y27115D01*
X27115Y27872D01*
X26413Y28682D01*
X25771Y29540D01*
X25192Y30441D01*
X24678Y31381D01*
X24233Y32356D01*
X23859Y33360D01*
X23557Y34388D01*
X23329Y35435D01*
X23176Y36496D01*
X23100Y37564D01*
X23100Y38636D01*
X23176Y39704D01*
X23329Y40765D01*
X23557Y41812D01*
X23859Y42840D01*
X24233Y43844D01*
X24678Y44819D01*
X25192Y45759D01*
X25771Y46660D01*
X26413Y47518D01*
X27115Y48328D01*
X27872Y49085D01*
X28682Y49787D01*
X29540Y50429D01*
X30441Y51008D01*
X31381Y51522D01*
X32356Y51967D01*
X33360Y52341D01*
X34388Y52643D01*
X35435Y52871D01*
X36496Y53024D01*
X37564Y53100D01*
X38636Y53100D01*
X39704Y53024D01*
X40765Y52871D01*
X41812Y52643D01*
X42840Y52341D01*
X43844Y51967D01*
X44819Y51522D01*
X45759Y51008D01*
X46660Y50429D01*
X47518Y49787D01*
X48328Y49085D01*
X49085Y48328D01*
X49787Y47518D01*
X50429Y46660D01*
X51008Y45759D01*
X51522Y44819D01*
X51967Y43844D01*
X52341Y42840D01*
X52643Y41812D01*
X52871Y40765D01*
X53024Y39704D01*
X53100Y38636D01*
X53100Y37564D01*
X802400Y37564D02*
X802324Y36496D01*
X802171Y35435D01*
X801943Y34388D01*
X801641Y33360D01*
X801267Y32356D01*
X800822Y31381D01*
X800308Y30441D01*
X799729Y29540D01*
X799087Y28682D01*
X798385Y27872D01*
X797628Y27115D01*
X796818Y26413D01*
X795960Y25771D01*
X795059Y25192D01*
X794119Y24678D01*
X793144Y24233D01*
X792140Y23859D01*
X791112Y23557D01*
X790065Y23329D01*
X789004Y23176D01*
X787936Y23100D01*
X786864Y23100D01*
X785796Y23176D01*
X784735Y23329D01*
X783688Y23557D01*
X782660Y23859D01*
X781656Y24233D01*
X780681Y24678D01*
X779741Y25192D01*
X778840Y25771D01*
X777982Y26413D01*
X777172Y27115D01*
X776415Y27872D01*
X775713Y28682D01*
X775071Y29540D01*
X774492Y30441D01*
X773978Y31381D01*
X773533Y32356D01*
X773159Y33360D01*
X772857Y34388D01*
X772629Y35435D01*
X772476Y36496D01*
X772400Y37564D01*
X772400Y38636D01*
X772476Y39704D01*
X772629Y40765D01*
X772857Y41812D01*
X773159Y42840D01*
X773533Y43844D01*
X773978Y44819D01*
X774492Y45759D01*
X775071Y46660D01*
X775713Y47518D01*
X776415Y48328D01*
X777172Y49085D01*
X777982Y49787D01*
X778840Y50429D01*
X779741Y51008D01*
X780681Y51522D01*
X781656Y51967D01*
X782660Y52341D01*
X783688Y52643D01*
X784735Y52871D01*
X785796Y53024D01*
X786864Y53100D01*
X787936Y53100D01*
X789004Y53024D01*
X790065Y52871D01*
X791112Y52643D01*
X792140Y52341D01*
X793144Y51967D01*
X794119Y51522D01*
X795059Y51008D01*
X795960Y50429D01*
X796818Y49787D01*
X797628Y49085D01*
X798385Y48328D01*
X799087Y47518D01*
X799729Y46660D01*
X800308Y45759D01*
X800822Y44819D01*
X801267Y43844D01*
X801641Y42840D01*
X801943Y41812D01*
X802171Y40765D01*
X802324Y39704D01*
X802400Y38636D01*
X802400Y37564D01*
X53100Y469364D02*
X53024Y468296D01*
X52871Y467235D01*
X52643Y466188D01*
X52341Y465160D01*
X51967Y464156D01*
X51522Y463181D01*
X51008Y462241D01*
X50429Y461340D01*
X49787Y460482D01*
X49085Y459672D01*
X48328Y458915D01*
X47518Y458213D01*
X46660Y457571D01*
X45759Y456992D01*
X44819Y456478D01*
X43844Y456033D01*
X42840Y455659D01*
X41812Y455357D01*
X40765Y455129D01*
X39704Y454976D01*
X38636Y454900D01*
X37564Y454900D01*
X36496Y454976D01*
X35435Y455129D01*
X34388Y455357D01*
X33360Y455659D01*
X32356Y456033D01*
X31381Y456478D01*
X30441Y456992D01*
X29540Y457571D01*
X28682Y458213D01*
X27872Y458915D01*
X27115Y459672D01*
X26413Y460482D01*
X25771Y461340D01*
X25192Y462241D01*
X24678Y463181D01*
X24233Y464156D01*
X23859Y465160D01*
X23557Y466188D01*
X23329Y467235D01*
X23176Y468296D01*
X23100Y469364D01*
X23100Y470436D01*
X23176Y471504D01*
X23329Y472565D01*
X23557Y473612D01*
X23859Y474640D01*
X24233Y475644D01*
X24678Y476619D01*
X25192Y477559D01*
X25771Y478460D01*
X26413Y479318D01*
X27115Y480128D01*
X27872Y480885D01*
X28682Y481587D01*
X29540Y482229D01*
X30441Y482808D01*
X31381Y483322D01*
X32356Y483767D01*
X33360Y484141D01*
X34388Y484443D01*
X35435Y484671D01*
X36496Y484824D01*
X37564Y484900D01*
X38636Y484900D01*
X39704Y484824D01*
X40765Y484671D01*
X41812Y484443D01*
X42840Y484141D01*
X43844Y483767D01*
X44819Y483322D01*
X45759Y482808D01*
X46660Y482229D01*
X47518Y481587D01*
X48328Y480885D01*
X49085Y480128D01*
X49787Y479318D01*
X50429Y478460D01*
X51008Y477559D01*
X51522Y476619D01*
X51967Y475644D01*
X52341Y474640D01*
X52643Y473612D01*
X52871Y472565D01*
X53024Y471504D01*
X53100Y470436D01*
X53100Y469364D01*
X802400Y469364D02*
X802324Y468296D01*
X802171Y467235D01*
X801943Y466188D01*
X801641Y465160D01*
X801267Y464156D01*
X800822Y463181D01*
X800308Y462241D01*
X799729Y461340D01*
X799087Y460482D01*
X798385Y459672D01*
X797628Y458915D01*
X796818Y458213D01*
X795960Y457571D01*
X795059Y456992D01*
X794119Y456478D01*
X793144Y456033D01*
X792140Y455659D01*
X791112Y455357D01*
X790065Y455129D01*
X789004Y454976D01*
X787936Y454900D01*
X786864Y454900D01*
X785796Y454976D01*
X784735Y455129D01*
X783688Y455357D01*
X782660Y455659D01*
X781656Y456033D01*
X780681Y456478D01*
X779741Y456992D01*
X778840Y457571D01*
X777982Y458213D01*
X777172Y458915D01*
X776415Y459672D01*
X775713Y460482D01*
X775071Y461340D01*
X774492Y462241D01*
X773978Y463181D01*
X773533Y464156D01*
X773159Y465160D01*
X772857Y466188D01*
X772629Y467235D01*
X772476Y468296D01*
X772400Y469364D01*
X772400Y470436D01*
X772476Y471504D01*
X772629Y472565D01*
X772857Y473612D01*
X773159Y474640D01*
X773533Y475644D01*
X773978Y476619D01*
X774492Y477559D01*
X775071Y478460D01*
X775713Y479318D01*
X776415Y480128D01*
X777172Y480885D01*
X777982Y481587D01*
X778840Y482229D01*
X779741Y482808D01*
X780681Y483322D01*
X781656Y483767D01*
X782660Y484141D01*
X783688Y484443D01*
X784735Y484671D01*
X785796Y484824D01*
X786864Y484900D01*
X787936Y484900D01*
X789004Y484824D01*
X790065Y484671D01*
X791112Y484443D01*
X792140Y484141D01*
X793144Y483767D01*
X794119Y483322D01*
X795059Y482808D01*
X795960Y482229D01*
X796818Y481587D01*
X797628Y480885D01*
X798385Y480128D01*
X799087Y479318D01*
X799729Y478460D01*
X800308Y477559D01*
X800822Y476619D01*
X801267Y475644D01*
X801641Y474640D01*
X801943Y473612D01*
X802171Y472565D01*
X802324Y471504D01*
X802400Y470436D01*
X802400Y469364D01*
M02*
